


          SolidWorks Corporation - STEP Processor Error Log
          ______________________________________________________

                       STEP Post Processor
                       ___________________


STEP File Name: F:\AD_lib\AD_lib\西安市骊创\3D\J30-J24\J30-15ZKN.stp



Error: 不支持此实体类型。
STEP-in 无法成功完成

Error: 不支持此实体类型。
STEP-in 无法成功完成

Error: 不支持此实体类型。
STEP-in 无法成功完成

Error: 不支持此实体类型。
STEP-in 无法成功完成

Error: 不支持此实体类型。
STEP-in 无法成功完成

Error: 不支持此实体类型。
STEP-in 无法成功完成

Error: 不支持此实体类型。
STEP-in 无法成功完成
曲面已成功地形成实体。
STEP-in 完成
Error: 无法从剪裁的曲面生成实体。
STEP-in 无法成功完成
曲面已成功地形成实体。
STEP-in 完成